TN:
SF:server/index.js
FN:17,(anonymous_0)
FN:24,(anonymous_1)
FN:30,(anonymous_2)
FN:37,(anonymous_3)
FNF:4
FNH:4
FNDA:7,(anonymous_0)
FNDA:2,(anonymous_1)
FNDA:7,(anonymous_2)
FNDA:7,(anonymous_3)
DA:13,3
DA:14,3
DA:15,3
DA:17,3
DA:18,7
DA:19,7
DA:24,2
DA:30,3
DA:31,7
DA:38,7
DA:40,7
DA:41,7
DA:43,7
DA:45,7
DA:47,7
LF:15
LH:15
BRDA:18,0,0,7
BRDA:18,0,1,0
BRDA:45,1,0,7
BRDA:45,1,1,3
BRF:4
BRH:3
end_of_record
TN:
SF:server/routes.js
FN:5,(anonymous_0)
FN:7,(anonymous_1)
FN:32,(anonymous_2)
FN:36,(anonymous_3)
FN:39,(anonymous_4)
FN:40,(anonymous_5)
FN:50,(anonymous_6)
FN:70,(anonymous_7)
FN:72,(anonymous_8)
FN:73,(anonymous_9)
FN:85,(anonymous_10)
FN:87,(anonymous_11)
FN:102,(anonymous_12)
FN:103,(anonymous_13)
FN:104,(anonymous_14)
FN:114,(anonymous_15)
FNF:16
FNH:15
FNDA:16,(anonymous_0)
FNDA:7,(anonymous_1)
FNDA:7,(anonymous_2)
FNDA:1,(anonymous_3)
FNDA:1,(anonymous_4)
FNDA:2,(anonymous_5)
FNDA:1,(anonymous_6)
FNDA:1,(anonymous_7)
FNDA:3,(anonymous_8)
FNDA:0,(anonymous_9)
FNDA:1,(anonymous_10)
FNDA:3,(anonymous_11)
FNDA:1,(anonymous_12)
FNDA:1,(anonymous_13)
FNDA:1,(anonymous_14)
FNDA:1,(anonymous_15)
DA:5,16
DA:7,3
DA:8,7
DA:9,7
DA:10,7
DA:19,7
DA:20,2
DA:22,7
DA:23,4
DA:25,7
DA:26,0
DA:29,7
DA:33,7
DA:35,7
DA:37,1
DA:40,2
DA:45,1
DA:48,1
DA:51,1
DA:52,1
DA:57,1
DA:58,1
DA:59,1
DA:67,1
DA:68,1
DA:71,1
DA:72,3
DA:73,1
DA:74,1
DA:75,1
DA:82,1
DA:83,1
DA:86,1
DA:87,3
DA:89,1
DA:90,1
DA:92,1
DA:99,1
DA:100,1
DA:103,1
DA:104,1
DA:109,1
DA:112,1
DA:115,1
DA:116,1
DA:121,1
DA:122,1
DA:123,1
DA:130,1
DA:131,1
LF:50
LH:49
BRDA:19,0,0,2
BRDA:19,0,1,5
BRDA:22,1,0,4
BRDA:22,1,1,3
BRDA:25,2,0,0
BRDA:25,2,1,7
BRDA:32,3,0,0
BRF:7
BRH:5
end_of_record
